c:\users\pau\sdl_pathfinding\sdl_pathfinding\sdl_pathfinding\debug\vc141.pdb
c:\users\pau\sdl_pathfinding\sdl_pathfinding\sdl_pathfinding\debug\vc141.idb
c:\users\pau\sdl_pathfinding\sdl_pathfinding\sdl_pathfinding\debug\agent.obj
c:\users\pau\sdl_pathfinding\sdl_pathfinding\sdl_pathfinding\debug\edge.obj
c:\users\pau\sdl_pathfinding\sdl_pathfinding\sdl_pathfinding\debug\graph.obj
c:\users\pau\sdl_pathfinding\sdl_pathfinding\sdl_pathfinding\debug\main.obj
c:\users\pau\sdl_pathfinding\sdl_pathfinding\sdl_pathfinding\debug\node.obj
c:\users\pau\sdl_pathfinding\sdl_pathfinding\sdl_pathfinding\debug\scenepathfindingaestrella.obj
c:\users\pau\sdl_pathfinding\sdl_pathfinding\sdl_pathfinding\debug\scenepathfindingbfs.obj
c:\users\pau\sdl_pathfinding\sdl_pathfinding\sdl_pathfinding\debug\scenepathfindingdijkstra.obj
c:\users\pau\sdl_pathfinding\sdl_pathfinding\sdl_pathfinding\debug\scenepathfindinggreedybfs.obj
c:\users\pau\sdl_pathfinding\sdl_pathfinding\sdl_pathfinding\debug\sdl_simpleapp.obj
c:\users\pau\sdl_pathfinding\sdl_pathfinding\sdl_pathfinding\debug\steeringbehavior.obj
c:\users\pau\sdl_pathfinding\sdl_pathfinding\sdl_pathfinding\debug\utils.obj
c:\users\pau\sdl_pathfinding\bin\sdl_pathfinding.exe
c:\users\pau\sdl_pathfinding\bin\sdl_pathfinding.ilk
c:\users\pau\sdl_pathfinding\bin\sdl_pathfinding.pdb
c:\users\pau\sdl_pathfinding\sdl_pathfinding\sdl_pathfinding\debug\pathfinding.obj
c:\users\pau\sdl_pathfinding\sdl_pathfinding\sdl_pathfinding\debug\scenepathfinding.obj
c:\users\pau\sdl_pathfinding\\bin\sdl_pathfinding.pdb
c:\users\pau\sdl_pathfinding\\bin\sdl_pathfinding.exe
c:\users\pau\sdl_pathfinding\\bin\sdl_pathfinding.ilk
c:\users\pau\sdl_pathfinding\sdl_pathfinding\sdl_pathfinding\debug\sdl_pathfinding.tlog\cl.command.1.tlog
c:\users\pau\sdl_pathfinding\sdl_pathfinding\sdl_pathfinding\debug\sdl_pathfinding.tlog\cl.read.1.tlog
c:\users\pau\sdl_pathfinding\sdl_pathfinding\sdl_pathfinding\debug\sdl_pathfinding.tlog\cl.write.1.tlog
c:\users\pau\sdl_pathfinding\sdl_pathfinding\sdl_pathfinding\debug\sdl_pathfinding.tlog\link.command.1.tlog
c:\users\pau\sdl_pathfinding\sdl_pathfinding\sdl_pathfinding\debug\sdl_pathfinding.tlog\link.read.1.tlog
c:\users\pau\sdl_pathfinding\sdl_pathfinding\sdl_pathfinding\debug\sdl_pathfinding.tlog\link.write.1.tlog
