  utils .cpp
  SteeringBehavior.cpp
c:\users\pmorales\ia\sdl_steering_behaviors\src\steeringbehavior.cpp(183): warning C4244: 'argument': conversion from 'const float' to 'int', possible loss of data
c:\users\pmorales\ia\sdl_steering_behaviors\src\steeringbehavior.cpp(213): warning C4244: 'argument': conversion from 'float' to 'int', possible loss of data
c:\users\pmorales\ia\sdl_steering_behaviors\src\steeringbehavior.cpp(217): warning C4244: 'initializing': conversion from 'float' to 'int', possible loss of data
c:\users\pmorales\ia\sdl_steering_behaviors\src\steeringbehavior.cpp(234): warning C4244: 'argument': conversion from 'int' to 'float', possible loss of data
c:\users\pmorales\ia\sdl_steering_behaviors\src\steeringbehavior.cpp(238): warning C4244: 'argument': conversion from 'int' to 'float', possible loss of data
c:\users\pmorales\ia\sdl_steering_behaviors\src\steeringbehavior.cpp(243): warning C4244: 'argument': conversion from 'int' to 'float', possible loss of data
  SDL_SimpleApp.cpp
  SceneKinematicWander.cpp
  SceneKinematicSeek .cpp
  SceneKinematicPursue.cpp
  SceneKinematicPerimeterAvoidance.cpp
  SceneKinematicFlocking.cpp
c:\users\pmorales\ia\sdl_steering_behaviors\src\scenekinematicflocking.cpp(12): warning C4244: 'argument': conversion from 'int' to 'float', possible loss of data
  SceneKinematicFlee.cpp
  SceneKinematicEvade.cpp
  SceneKinematicCombination.cpp
  SceneKinematicArrive.cpp
  main.cpp
  Agent.cpp
  Generating Code...
LINK : fatal error LNK1104: cannot open file 'SDL2.lib'
